Building a SMALL index
6973 reads; of these:
  6973 (100.00%) were unpaired; of these:
    117 (1.68%) aligned 0 times
    6856 (98.32%) aligned exactly 1 time
    0 (0.00%) aligned >1 times
98.32% overall alignment rate
10148 reads; of these:
  10148 (100.00%) were unpaired; of these:
    77 (0.76%) aligned 0 times
    10071 (99.24%) aligned exactly 1 time
    0 (0.00%) aligned >1 times
99.24% overall alignment rate
11663 reads; of these:
  11663 (100.00%) were unpaired; of these:
    56 (0.48%) aligned 0 times
    11607 (99.52%) aligned exactly 1 time
    0 (0.00%) aligned >1 times
99.52% overall alignment rate
11244 reads; of these:
  11244 (100.00%) were unpaired; of these:
    68 (0.60%) aligned 0 times
    11176 (99.40%) aligned exactly 1 time
    0 (0.00%) aligned >1 times
99.40% overall alignment rate
13023 reads; of these:
  13023 (100.00%) were unpaired; of these:
    104 (0.80%) aligned 0 times
    12919 (99.20%) aligned exactly 1 time
    0 (0.00%) aligned >1 times
99.20% overall alignment rate
10291 reads; of these:
  10291 (100.00%) were unpaired; of these:
    141 (1.37%) aligned 0 times
    10150 (98.63%) aligned exactly 1 time
    0 (0.00%) aligned >1 times
98.63% overall alignment rate
12560 reads; of these:
  12560 (100.00%) were unpaired; of these:
    97 (0.77%) aligned 0 times
    12463 (99.23%) aligned exactly 1 time
    0 (0.00%) aligned >1 times
99.23% overall alignment rate
10902 reads; of these:
  10902 (100.00%) were unpaired; of these:
    123 (1.13%) aligned 0 times
    10779 (98.87%) aligned exactly 1 time
    0 (0.00%) aligned >1 times
98.87% overall alignment rate
13531 reads; of these:
  13531 (100.00%) were unpaired; of these:
    133 (0.98%) aligned 0 times
    13398 (99.02%) aligned exactly 1 time
    0 (0.00%) aligned >1 times
99.02% overall alignment rate
14291 reads; of these:
  14291 (100.00%) were unpaired; of these:
    111 (0.78%) aligned 0 times
    14180 (99.22%) aligned exactly 1 time
    0 (0.00%) aligned >1 times
99.22% overall alignment rate
14659 reads; of these:
  14659 (100.00%) were unpaired; of these:
    126 (0.86%) aligned 0 times
    14533 (99.14%) aligned exactly 1 time
    0 (0.00%) aligned >1 times
99.14% overall alignment rate
15856 reads; of these:
  15856 (100.00%) were unpaired; of these:
    89 (0.56%) aligned 0 times
    15767 (99.44%14730) aligned exactly 1 time reads; of these:

      014730 ( (0.00%100.00) aligned >1 times%
) were unpaired; of these:99.44
%     overall alignment rate110
 (0.75%) aligned 0 times
    14620 (99.25%) aligned exactly 1 time
    0 (0.00%) aligned >1 times
99.25% overall alignment rate
17044 reads; of these:
  17044 (100.00%) were unpaired; of these:
    151 (0.89%) aligned 0 times
    16893 (99.11%) aligned exactly 1 time
    0 (0.00%) aligned >1 times
99.11% overall alignment rate
14602 reads; of these:
  14602 (100.00%) were unpaired; of these:
    192 (1.31%) aligned 0 times
    14410 (98.69%) aligned exactly 1 time
    0 (0.00%) aligned >1 times
98.69% overall alignment rate
16311 reads; of these:
  16311 (100.00%) were unpaired; of these:
    152 (0.93%) aligned 0 times
    16159 (99.07%) aligned exactly 1 time
    0 (0.00%) aligned >1 times
99.07% overall alignment rate
3288 reads; of these:
  3288 (100.00%) were unpaired; of these:
    72 (2.19%) aligned 0 times
    3216 (97.81%) aligned exactly 1 time
    0 (0.00%) aligned >1 times
97.81% overall alignment rate
6428 reads; of these:
  6428 (100.00%) were unpaired; of these:
    48 (0.75%) aligned 0 times
    6380 (99.25%) aligned exactly 1 time
    0 (0.00%) aligned >1 times
99.25% overall alignment rate
9823 reads; of these:
  9823 (100.00%) were unpaired; of these:
    47 (0.48%) aligned 0 times
    9776 (99.52%) aligned exactly 1 time
    0 (0.00%) aligned >1 times
99.52% overall alignment rate
9343 reads; of these:
  9343 (100.00%) were unpaired; of these:
10576     reads; of these:254
 (  2.7210576% () aligned 0 times
    100.009089% () were unpaired; of these:97.28
%    ) aligned exactly 1 time75
 (    0.710% () aligned 0 times0.00
%    ) aligned >1 times10501
 (97.2899.29%% overall alignment rate) aligned exactly 1 time

    0 (0.00%) aligned >1 times
99.29% overall alignment rate
11788 reads; of these:
  11788 (100.00%) were unpaired; of these:
    83 (0.70%) aligned 0 times
    11705 (99.30%) aligned exactly 1 time
    0 (0.00%) aligned >1 times
99.30% overall alignment rate
12173 reads; of these:
  12173 (100.00%) were unpaired; of these:
    104 (0.85%) aligned 0 times
    12069 (99.15%) aligned exactly 1 time
    0 (0.00%) aligned >1 times
99.15% overall alignment rate
11984 reads; of these:
  11984 (100.00%) were unpaired; of these:
    69 (0.58%) aligned 0 times
    11915 (99.42%) aligned exactly 1 time
    0 (0.00%) aligned >1 times
99.42% overall alignment rate
13797 reads; of these:
  13797 (100.00%) were unpaired; of these:
    135 (0.98%) aligned 0 times
    13662 (99.02%) aligned exactly 1 time
    0 (0.00%) aligned >1 times
99.02% overall alignment rate
12126 reads; of these:
  12126 (100.00%) were unpaired; of these:
    115 (0.95%) aligned 0 times
    12011 (99.05%) aligned exactly 1 time
    0 (0.00%) aligned >1 times
99.05% overall alignment rate
14254 reads; of these:
  14254 (100.00%) were unpaired; of these:
    125 (0.88%) aligned 0 times
    14129 (99.12%) aligned exactly 1 time
    0 (0.00%) aligned >1 times
99.12% overall alignment rate
12994 reads; of these:
  12994 (100.00%) were unpaired; of these:
    115 (0.89%) aligned 0 times
    12879 (99.11%) aligned exactly 1 time
    0 (0.00%) aligned >1 times
99.11% overall alignment rate
12191 reads; of these:
  12191 (100.00%) were unpaired; of these:
    115 (0.94%) aligned 0 times
    12076 (99.06%) aligned exactly 1 time
    0 (0.00%) aligned >1 times
99.06% overall alignment rate
12903 reads; of these:
  12903 (100.00%) were unpaired; of these:
    286 (2.22%) aligned 0 times
    12617 (97.78%) aligned exactly 1 time
    0 (0.00%) aligned >1 times
97.78% overall alignment rate
12797 reads; of these:
  12797 (14363100.00 reads; of these:%
) were unpaired; of these:  
14363     (221 (100.001.73%%) were unpaired; of these:) aligned 0 times

        13112576 ( (0.9198.27%%) aligned 0 times) aligned exactly 1 time

        142320 ( (99.090.00%%) aligned exactly 1 time) aligned >1 times

    98.270% ( overall alignment rate0.00
%) aligned >1 times
99.09% overall alignment rate
7586 reads; of these:
  7586 (100.00%) were unpaired; of these:
    114 (1.50%) aligned 0 times
    7472 (98.50%) aligned exactly 1 time
    0 (0.00%) aligned >1 times
98.50% overall alignment rate
16244 reads; of these:
  16244 (100.00%) were unpaired; of these:
    210 (1.29%) aligned 0 times
    16034 (98.71%) aligned exactly 1 time
    0 (0.00%) aligned >1 times
98.71% overall alignment rate
11320 reads; of these:
  11320 (100.00%) were unpaired; of these:
    156 (1.38%) aligned 0 times
    11164 (98.62%) aligned exactly 1 time
    0 (0.00%) aligned >1 times
98.62% overall alignment rate
12835 reads; of these:
  12835 (100.00%) were unpaired; of these:
    155 (1.21%) aligned 0 times
    12680 (98.79%) aligned exactly 1 time
    0 (0.00%) aligned >1 times
98.79% overall alignment rate
13303 reads; of these:
  13303 (100.00%) were unpaired; of these:
    139 (1.04%) aligned 0 times
    13164 (98.96%) aligned exactly 1 time
    0 (0.00%) aligned >1 times
98.96% overall alignment rate
11723 reads; of these:
  11723 (100.00%) were unpaired; of these:
    160 (1.36%) aligned 0 times
    11563 (98.64%) aligned exactly 1 time
    0 (0.00%) aligned >1 times
98.64% overall alignment rate
4518 reads; of these:
  4518 (100.00%) were unpaired; of these:
    113 (2.50%) aligned 0 times
    4405 (97.50%) aligned exactly 1 time
    0 (0.00%) aligned >1 times
97.50% overall alignment rate
7998 reads; of these:
  7998 (100.00%) were unpaired; of these:
    62 (0.78%) aligned 0 times
    7936 (99.22%) aligned exactly 1 time
    0 (0.00%) aligned >1 times
99.22% overall alignment rate
11034 reads; of these:
  11034 (100.00%) were unpaired; of these:
    118 (1.07%) aligned 0 times
    10916 (98.93%) aligned exactly 1 time
    0 (0.00%) aligned >1 times
98.93% overall alignment rate
11385 reads; of these:
  11385 (100.00%) were unpaired; of these:
    150 (1.32%) aligned 0 times
    11235 (98.68%) aligned exactly 1 time
    0 (0.00%) aligned >1 times
98.6811958% reads; of these: overall alignment rate

  11958 (100.00%) were unpaired; of these:
    96 (0.80%) aligned 0 times
    11862 (99.20%) aligned exactly 1 time
    0 (0.00%10829) aligned >1 times reads; of these:

99.20  %10829 overall alignment rate (
100.00%) were unpaired; of these:
    115 (1.06%) aligned 0 times
    10714 (98.94%) aligned exactly 1 time
    0 (0.00%) aligned >1 times
98.94% overall alignment rate
13326 reads; of these:
  13326 (100.00%) were unpaired; of these:
    164 (1.23%) aligned 0 times
    13162 (98.77%) aligned exactly 1 time
    0 (0.00%) aligned >1 times
98.77% overall alignment rate
15183 reads; of these:
  15183 (100.00%) were unpaired; of these:
    171 (1.13%) aligned 0 times
    15012 (98.87%) aligned exactly 1 time
    0 (0.00%) aligned >1 times
98.87% overall alignment rate
14955 reads; of these:
  14955 (100.00%) were unpaired; of these:
    132 (0.88%) aligned 0 times
    14823 (99.12%) aligned exactly 1 time
    0 (0.00%) aligned >1 times
99.12% overall alignment rate
17120 reads; of these:
  17120 (100.00%) were unpaired; of these:
    150 (0.88%) aligned 0 times
    16970 (99.12%) aligned exactly 1 time
    0 (0.00%) aligned >1 times
99.12% overall alignment rate
14569 reads; of these:
  14569 (100.00%) were unpaired; of these:
    257 (1.76%) aligned 0 times
    14312 (98.24%) aligned exactly 1 time
    0 (0.00%) aligned >1 times
98.24% overall alignment rate
10091 reads; of these:
  10091 (100.00%) were unpaired; of these:
    72 (0.71%) aligned 0 times
    10019 (99.29%) aligned exactly 1 time
    0 (0.00%) aligned >1 times
99.29% overall alignment rate
9408 reads; of these:
  9408 (100.00%) were unpaired; of these:
    117 (1.24%) aligned 0 times
    9291 (98.76%) aligned exactly 1 time
    0 (0.00%) aligned >1 times
98.76% overall alignment rate
13043 reads; of these:
  13043 (100.00%) were unpaired; of these:
    397 (3.04%) aligned 0 times
    12646 (96.96%) aligned exactly 1 time
    0 (0.00%) aligned >1 times
96.96% overall alignment rate
14561 reads; of these:
  14561 (100.00%) were unpaired; of these:
    149 (1.02%) aligned 0 times
    14412 (98.98%) aligned exactly 1 time
    0 (0.00%) aligned >1 times
98.98% overall alignment rate
15924 reads; of these:
  15924 (100.00%) were unpaired; of these:
    395 (2.48%) aligned 0 times
    15529 (97.52%) aligned exactly 1 time
    0 (0.00%) aligned >1 times
97.52% overall alignment rate
13693 reads; of these:
  13693 (100.00%) were unpaired; of these:
    97 (0.71%) aligned 0 times
    13596 (99.29%) aligned exactly 1 time
    0 (0.00%) aligned >1 times
99.29% overall alignment rate
106274096 reads; of these:9246 reads; of these:
8679 reads; of these:
12311   reads; of these:13728
  10627 reads; of these:
 reads; of these:  4096 (
  
9246 (  8679100.00   (12311 (100.00%13728 (100.00%) were unpaired; of these:100.00 (%) were unpaired; of these:100.00
%) were unpaired; of these:
100.00%    ) were unpaired; of these:
    %) were unpaired; of these:102
    77) were unpaired; of these:
 (    69 (
    0.9699 (1.88    116% (0.75%119 () aligned 0 times1.14%) aligned 0 times (0.94
%) aligned 0 times
0.87%    ) aligned 0 times
    %) aligned 0 times10525
    4019) aligned 0 times
 (    9177 (
    99.048580 (98.12    12195% (99.25%13609 () aligned exactly 1 time98.86%) aligned exactly 1 time (99.06
%) aligned exactly 1 time
99.13%    ) aligned exactly 1 time
    %) aligned exactly 1 time0
    0) aligned exactly 1 time
 (    0 (
    0.000 (0.00    0% (0.00%0 () aligned >1 times0.00%) aligned >1 times (0.00
%) aligned >1 times
0.00%99.04) aligned >1 times
98.12%) aligned >1 times%
99.25%) aligned >1 times
 overall alignment rate98.86% overall alignment rate
99.06
% overall alignment rate
99.13% overall alignment rate
% overall alignment rate
 overall alignment rate

12517 reads; of these:
  12517 (100.00%) were unpaired; of these:
    97 (0.77%) aligned 0 times
    12420 (99.23%) aligned exactly 1 time
    0 (0.00%) aligned >1 times
99.23% overall alignment rate
13982 reads; of these:
  13982 (100.00%) were unpaired; of these:
    99 (0.71%) aligned 0 times
    13883 (99.29%) aligned exactly 1 time
    0 (0.00%) aligned >1 times
99.29% overall alignment rate
13911 reads; of these:
  13911 (100.00%) were unpaired; of these:
    112 (0.81%) aligned 0 times
    13799 (99.19%) aligned exactly 1 time
    0 (0.00%) aligned >1 times
99.19% overall alignment rate
14104 reads; of these:
  14104 (100.00%) were unpaired; of these:
    127 (0.90%) aligned 0 times
    13977 (99.10%) aligned exactly 1 time
    0 (0.00%) aligned >1 times
99.10% overall alignment rate
17271 reads; of these:
  17271 (100.00%) were unpaired; of these:
    124 (0.72%) aligned 0 times
    17147 (99.28%) aligned exactly 1 time
    0 (0.00%) aligned >1 times
99.28% overall alignment rate
15990 reads; of these:
  15990 (100.00%) were unpaired; of these:
    167 (1.04%) aligned 0 times
    15823 (98.96%) aligned exactly 1 time
    0 (0.00%) aligned >1 times
98.96% overall alignment rate
9914 reads; of these:
  9914 (100.00%) were unpaired; of these:
    84 (0.85%) aligned 0 times
    9830 (99.15%) aligned exactly 1 time
    0 (0.00%) aligned >1 times
99.15% overall alignment rate
12808 reads; of these:
  12808 (100.00%) were unpaired; of these:
    80 (0.62%) aligned 0 times
    12728 (99.38%) aligned exactly 1 time
    0 (0.00%) aligned >1 times
99.38% overall alignment rate
17039 reads; of these:
  17039 (100.00%) were unpaired; of these:
    169 (0.99%) aligned 0 times
    16870 (99.01%) aligned exactly 1 time
    0 (0.00%) aligned >1 times
99.01% overall alignment rate
16911 reads; of these:
  16911 (100.00%) were unpaired; of these:
    135 (0.80%) aligned 0 times
    16776 (99.20%) aligned exactly 1 time
    0 (0.00%) aligned >1 times
99.20% overall alignment rate
3437 reads; of these:
  3437 (100.00%) were unpaired; of these:
    795 (23.13%) aligned 0 times
    2642 (76.87%) aligned exactly 1 time
    0 (0.00%) aligned >1 times
76.87% overall alignment rate
11192 reads; of these:
  11192 (100.00%) were unpaired; of these:
    177 (1.58%) aligned 0 times
    11015 (98.42%) aligned exactly 1 time
    0 (0.00%) aligned >1 times
98.42% overall alignment rate
7705 reads; of these:
  7705 (100.00%) were unpaired; of these:
    46 (0.60%) aligned 0 times
    7659 (99.40%) aligned exactly 1 time
    0 (0.00%) aligned >1 times
99.40% overall alignment rate
12272 reads; of these:
  12272 (100.00%) were unpaired; of these:
    266 (2.17%) aligned 0 times
    12006 (97.83%) aligned exactly 1 time
    0 (0.00%) aligned >1 times
97.83% overall alignment rate
8954 reads; of these:
  8954 (100.00%) were unpaired; of these:
    58 (0.65%) aligned 0 times
    8896 (99.35%) aligned exactly 1 time
    0 (0.00%) aligned >1 times
99.35% overall alignment rate
13623 reads; of these:
  13623 (100.00%) were unpaired; of these:
    135 (0.99%) aligned 0 times
    13488 (99.01%) aligned exactly 1 time
    0 (0.00%) aligned >1 times
99.01% overall alignment rate
10789 reads; of these:
  10789 (100.00%) were unpaired; of these:
    189 (1.75%) aligned 0 times
    10600 (98.25%) aligned exactly 1 time
    0 (0.00%) aligned >1 times
98.25% overall alignment rate
13719 reads; of these:
  13719 (100.00%) were unpaired; of these:
    207 (1.51%) aligned 0 times
    13512 (98.49%) aligned exactly 1 time
    0 (0.00%) aligned >1 times
98.49% overall alignment rate
12986 reads; of these:
  12986 (100.00%) were unpaired; of these:
    155 (1.19%) aligned 0 times
    12831 (98.81%) aligned exactly 1 time
    0 (0.00%) aligned >1 times
98.81% overall alignment rate
12303 reads; of these:
  12303 (100.00%) were unpaired; of these:
    121 (0.98%) aligned 0 times
    12182 (99.02%) aligned exactly 1 time
    0 (0.00%) aligned >1 times
99.02% overall alignment rate
10114 reads; of these:
  10114 (100.00%) were unpaired; of these:
    67 (0.66%) aligned 0 times
    10047 (99.34%) aligned exactly 1 time
    0 (0.00%) aligned >1 times
99.34% overall alignment rate
15898 reads; of these:
  15898 (100.00%) were unpaired; of these:
    170 (1.07%) aligned 0 times
    15728 (98.93%) aligned exactly 1 time
    0 (0.00%) aligned >1 times
98.93% overall alignment rate
15192 reads; of these:
  15192 (100.00%) were unpaired; of these:
    145 (0.95%) aligned 0 times
    15047 (99.05%) aligned exactly 1 time
    0 (0.00%) aligned >1 times
99.05% overall alignment rate
16076 reads; of these:
  16076 (100.00%) were unpaired; of these:
    133 (0.83%) aligned 0 times
    15943 (99.17%) aligned exactly 1 time
    0 (0.00%) aligned >1 times
99.17% overall alignment rate
13494 reads; of these:
  13494 (100.00%) were unpaired; of these:
    121 (0.90%) aligned 0 times
    13373 (99.10%) aligned exactly 1 time
    0 (0.00%) aligned >1 times
99.10% overall alignment rate
8349 reads; of these:
  8349 (100.00%) were unpaired; of these:
    102 (1.22%) aligned 0 times
    8247 (98.78%) aligned exactly 1 time
    0 (0.00%) aligned >1 times
98.78% overall alignment rate
14430 reads; of these:
  14430 (100.00%) were unpaired; of these:
    139 (0.96%) aligned 0 times
    14291 (99.04%) aligned exactly 1 time
    0 (0.00%) aligned >1 times
99.04% overall alignment rate
16717 reads; of these:
  16717 (100.00%) were unpaired; of these:
    149 (0.89%) aligned 0 times
    16568 (99.11%) aligned exactly 1 time
    0 (0.00%) aligned >1 times
99.11% overall alignment rate
11996 reads; of these:
  11996 (100.00%) were unpaired; of these:
    245 (2.04%) aligned 0 times
    11751 (97.96%) aligned exactly 1 time
    0 (0.00%) aligned >1 times
97.96% overall alignment rate
9239 reads; of these:
  9239 (100.00%) were unpaired; of these:
    158 (1.71%) aligned 0 times
    9081 (98.29%) aligned exactly 1 time
    0 (0.00%) aligned >1 times
98.29% overall alignment rate
13940 reads; of these:
  13940 (100.00%) were unpaired; of these:
    140 (1.00%) aligned 0 times
    13800 (99.00%) aligned exactly 1 time
    0 (0.00%) aligned >1 times
99.00% overall alignment rate
11568 reads; of these:
  11568 (100.00%) were unpaired; of these:
    108 (0.93%) aligned 0 times
    11460 (99.07%) aligned exactly 1 time
    0 (0.00%) aligned >1 times
99.07% overall alignment rate
10597 reads; of these:
  10597 (100.00%) were unpaired; of these:
    101 (0.95%) aligned 0 times
    10496 (99.05%) aligned exactly 1 time
    0 (0.00%) aligned >1 times
99.05% overall alignment rate
5024 reads; of these:
  5024 (100.00%) were unpaired; of these:
    24 (0.48%) aligned 0 times
    5000 (99.52%) aligned exactly 1 time
    0 (0.00%) aligned >1 times
99.52% overall alignment rate
10946 reads; of these:
  10946 (100.00%) were unpaired; of these:
    132 (1.21%) aligned 0 times
    10814 (98.79%) aligned exactly 1 time
    0 (0.00%) aligned >1 times
98.79% overall alignment rate
11112 reads; of these:
  11112 (100.00%) were unpaired; of these:
    191 (1.72%) aligned 0 times
    10921 (98.28%) aligned exactly 1 time
    0 (0.00%) aligned >1 times
98.28% overall alignment rate
10827 reads; of these:
  10827 (100.00%) were unpaired; of these:
    92 (0.85%) aligned 0 times
    10735 (99.15%) aligned exactly 1 time
    0 (0.00%) aligned >1 times
99.15% overall alignment rate
13338 reads; of these:
  13338 (100.00%) were unpaired; of these:
    88 (0.66%) aligned 0 times
    13250 (99.34%) aligned exactly 1 time
    0 (0.00%) aligned >1 times
99.34% overall alignment rate
16135 reads; of these:
  16135 (100.00%) were unpaired; of these:
    274 (1.70%) aligned 0 times
    15861 (98.30%) aligned exactly 1 time
    0 (0.00%) aligned >1 times
98.30% overall alignment rate
12965 reads; of these:
  12965 (100.00%) were unpaired; of these:
    111 (0.86%) aligned 0 times
    12854 (99.14%) aligned exactly 1 time
    0 (0.00%) aligned >1 times
99.14% overall alignment rate
10459 reads; of these:
  10459 (100.00%) were unpaired; of these:
    104 (0.99%) aligned 0 times
    10355 (99.01%) aligned exactly 1 time
    0 (0.00%) aligned >1 times
99.01% overall alignment rate
11596 reads; of these:
  11596 (100.00%) were unpaired; of these:
    98 (0.85%) aligned 0 times
    11498 (99.15%) aligned exactly 1 time
    0 (0.00%) aligned >1 times
99.15% overall alignment rate
13125 reads; of these:
  13125 (100.00%) were unpaired; of these:
    124 (0.94%) aligned 0 times
    13001 (99.06%) aligned exactly 1 time
    0 (0.00%) aligned >1 times
99.06% overall alignment rate
10629 reads; of these:
  10629 (100.00%) were unpaired; of these:
    168 (1.58%) aligned 0 times
    10461 (98.42%) aligned exactly 1 time
    0 (0.00%) aligned >1 times
98.42% overall alignment rate
74 reads; of these:
  74 (100.00%) were unpaired; of these:
    1 (1.35%) aligned 0 times
    73 (98.65%) aligned exactly 1 time
    0 (0.00%) aligned >1 times
98.65% overall alignment rate
11744 reads; of these:
  11744 (100.00%) were unpaired; of these:
    95 (0.81%) aligned 0 times
    11649 (99.19%) aligned exactly 1 time
    0 (0.00%) aligned >1 times
99.19% overall alignment rate
11336 reads; of these:
  11336 (100.00%) were unpaired; of these:
    66 (0.58%) aligned 0 times
    11270 (99.42%) aligned exactly 1 time
    0 (0.00%) aligned >1 times
99.42% overall alignment rate
11330 reads; of these:
  11330 (100.00%) were unpaired; of these:
    85 (0.75%) aligned 0 times
    11245 (99.25%) aligned exactly 1 time
    0 (0.00%) aligned >1 times
99.25% overall alignment rate
12077 reads; of these:
  12077 (100.00%) were unpaired; of these:
    107 (0.89%) aligned 0 times
    11970 (99.11%) aligned exactly 1 time
    0 (0.00%) aligned >1 times
99.11% overall alignment rate
11479 reads; of these:
  11479 (100.00%) were unpaired; of these:
    90 (0.78%) aligned 0 times
    11389 (99.22%) aligned exactly 1 time
    0 (0.00%) aligned >1 times
99.22% overall alignment rate
12288 reads; of these:
  12288 (100.00%) were unpaired; of these:
    101 (0.82%) aligned 0 times
    12187 (99.18%) aligned exactly 1 time
    0 (0.00%) aligned >1 times
99.18% overall alignment rate
2270 reads; of these:
  2270 (2249100.00 reads; of these:%
) were unpaired; of these:  
2249     (71 (100.003.13%%) were unpaired; of these:) aligned 0 times

        542199 ( (2.4096.87%%) aligned 0 times) aligned exactly 1 time

        21950 ( (97.600.00%%) aligned exactly 1 time) aligned >1 times

    96.870% ( overall alignment rate0.00
%) aligned >1 times
97.60% overall alignment rate
8582 reads; of these:
  8582 (100.00%) were unpaired; of these:
    105 (1.22%) aligned 0 times
    8477 (98.78%) aligned exactly 1 time
    0 (0.00%) aligned >1 times
98.78% overall alignment rate
6032 reads; of these:
  6032 (100.00%) were unpaired; of these:
    69 (102071.14 reads; of these:%
) aligned 0 times  
10207     (5963 (100.0098.86%%) were unpaired; of these:) aligned exactly 1 time

        1720 ( (1.690.00%%) aligned 0 times) aligned >1 times

    98.8610035% ( overall alignment rate98.31
%) aligned exactly 1 time
    0 (0.00%) aligned >1 times
98.31% overall alignment rate
10276 reads; of these:
  10276 (100.00%) were unpaired; of these:
    249 (2.42%) aligned 0 times
    10027 (97.58%) aligned exactly 1 time
    0 (0.00%) aligned >1 times
97.58% overall alignment rate
11019 reads; of these:
  11019 (100.00%) were unpaired; of these:
    102 (0.93%) aligned 0 times
    10917 (99.07%) aligned exactly 1 time
    0 (0.00%) aligned >1 times
99.07% overall alignment rate
10240 reads; of these:
  10240 (100.00%) were unpaired; of these:
    65 (0.63%) aligned 0 times
    10175 (99.37%) aligned exactly 1 time
    0 (0.00%) aligned >1 times
99.37% overall alignment rate
603 reads; of these:
  603 (100.00%) were unpaired; of these:
    49 (8.13%) aligned 0 times
    554 (91.87%) aligned exactly 1 time
    0 (0.00%) aligned >1 times
91.87% overall alignment rate
11312 reads; of these:
  11312 (100.00%) were unpaired; of these:
    61 (0.54%) aligned 0 times
    11251 (99.46%) aligned exactly 1 time
    0 (0.00%) aligned >1 times
99.46% overall alignment rate
358 reads; of these:
  358 (100.00%) were unpaired; of these:
    11 (3.07%) aligned 0 times
    347 (96.93%) aligned exactly 1 time
    0 (0.00%) aligned >1 times
96.93% overall alignment rate
13902 reads; of these:
  13902 (100.00%) were unpaired; of these:
    105 (0.76%) aligned 0 times
    13797 (99.24%) aligned exactly 1 time
    0 (0.00%) aligned >1 times
99.24% overall alignment rate
9436 reads; of these:
  9436 (100.00%) were unpaired; of these:
    80 (0.85%) aligned 0 times
    9356 (99.15%) aligned exactly 1 time
    0 (0.00%) aligned >1 times
99.15% overall alignment rate
1773 reads; of these:
  1773 (100.00%) were unpaired; of these:
    81 (4.57%) aligned 0 times
    1692 (95.43%) aligned exactly 1 time
    0 (0.00%) aligned >1 times
95.43% overall alignment rate
11677 reads; of these:
  11677 (100.00%) were unpaired; of these:
    68 (0.58%) aligned 0 times
    11609 (99.42%) aligned exactly 1 time
    0 (0.00%) aligned >1 times
99.42% overall alignment rate
12096 reads; of these:
  12096 (100.00%) were unpaired; of these:
    77 (0.64%) aligned 0 times
    12019 (99.36%) aligned exactly 1 time
    0 (0.00%) aligned >1 times
99.36% overall alignment rate
11951 reads; of these:
  11951 (100.00%) were unpaired; of these:
    127 (1.06%) aligned 0 times
    11824 (98.94%) aligned exactly 1 time
    0 (0.00%) aligned >1 times
98.94% overall alignment rate
12046 reads; of these:
  12046 (100.00%) were unpaired; of these:
    105 (0.87%) aligned 0 times
    11941 (99.13%) aligned exactly 1 time
    0 (0.00%) aligned >1 times
99.13% overall alignment rate
5385 reads; of these:
  5385 (100.00%) were unpaired; of these:
    66 (1.23%) aligned 0 times
    5319 (98.77%) aligned exactly 1 time
    0 (0.00%) aligned >1 times
98.77% overall alignment rate
9437 reads; of these:
  9437 (100.00%) were unpaired; of these:
    79 (0.84%) aligned 0 times
    9358 (99.16%) aligned exactly 1 time
    0 (0.00%) aligned >1 times
99.16% overall alignment rate
10516 reads; of these:
  10516 (100.00%) were unpaired; of these:
    109 (1.04%) aligned 0 times
    10407 (98.96%) aligned exactly 1 time
    0 (0.00%) aligned >1 times
98.96% overall alignment rate
11378 reads; of these:
  11378 (100.00%) were unpaired; of these:
    273 (2.40%) aligned 0 times
    11105 (97.60%) aligned exactly 1 time
    0 (0.00%) aligned >1 times
97.60% overall alignment rate
11846 reads; of these:
  11846 (100.00%) were unpaired; of these:
    111 (0.94%) aligned 0 times
    11735 (99.06%) aligned exactly 1 time
    0 (0.00%) aligned >1 times
99.06% overall alignment rate
3579 reads; of these:
  3579 (100.00%) were unpaired; of these:
    119 (3.32%) aligned 0 times
    3460 (96.68%) aligned exactly 1 time
    0 (0.00%) aligned >1 times
96.68% overall alignment rate
8939 reads; of these:
  8939 (100.00%) were unpaired; of these:
    105 (1.17%) aligned 0 times
    8834 (98.83%) aligned exactly 1 time
    0 (0.00%) aligned >1 times
98.83% overall alignment rate
11690 reads; of these:
  11690 (100.00%) were unpaired; of these:
    234 (2.00%) aligned 0 times
    11456 (98.00%) aligned exactly 1 time
    0 (0.00%) aligned >1 times
98.00% overall alignment rate
2271 reads; of these:
  2271 (100.00%) were unpaired; of these:
    84 (3.70%) aligned 0 times
    2187 (96.30%) aligned exactly 1 time
    0 (0.00%) aligned >1 times
96.30% overall alignment rate
11770 reads; of these:
  11770 (100.00%) were unpaired; of these:
    98 (0.83%) aligned 0 times
    11672 (99.17%) aligned exactly 1 time
    0 (0.00%) aligned >1 times
99.17% overall alignment rate
10710 reads; of these:
  10710 (100.00%) were unpaired; of these:
    93 (0.87%) aligned 0 times
    10617 (99.13%) aligned exactly 1 time
    0 (0.00%) aligned >1 times
99.13% overall alignment rate
9691 reads; of these:
  9691 (100.00%) were unpaired; of these:
    155 (1.60%) aligned 0 times
    9536 (98.40%) aligned exactly 1 time
    0 (0.00%) aligned >1 times
98.40% overall alignment rate
11779 reads; of these:
  11779 (100.00%) were unpaired; of these:
    91 (0.77%) aligned 0 times
    11688 (99.23%) aligned exactly 1 time
    0 (0.00%) aligned >1 times
99.23% overall alignment rate
11167 reads; of these:
  11167 (100.00%) were unpaired; of these:
    63 (0.56%) aligned 0 times
    11104 (99.44%) aligned exactly 1 time
    0 (0.00%) aligned >1 times
99.44% overall alignment rate
11162 reads; of these:
  11162 (100.00%) were unpaired; of these:
    89 (0.80%) aligned 0 times
    11073 (99.20%) aligned exactly 1 time
    0 (0.00%) aligned >1 times
99.20% overall alignment rate
10114 reads; of these:
  10114 (100.00%) were unpaired; of these:
    83 (0.82%) aligned 0 times
    10031 (99.18%) aligned exactly 1 time
    0 (0.00%) aligned >1 times
99.18% overall alignment rate
12109 reads; of these:
  12109 (100.00%) were unpaired; of these:
    91 (0.75%) aligned 0 times
    12018 (99.25%) aligned exactly 1 time
    0 (0.00%) aligned >1 times
99.25% overall alignment rate
11947 reads; of these:
  11947 (100.00%) were unpaired; of these:
    91 (0.76%) aligned 0 times
    11856 (99.24%) aligned exactly 1 time
    0 (0.00%) aligned >1 times
99.24% overall alignment rate
11899 reads; of these:
  11899 (100.00%) were unpaired; of these:
    99 (0.83%) aligned 0 times
    11800 (99.17%) aligned exactly 1 time
    0 (0.00%) aligned >1 times
99.17% overall alignment rate
12354 reads; of these:
  12354 (100.00%) were unpaired; of these:
    100 (0.81%) aligned 0 times
    12254 (99.19%) aligned exactly 1 time
    0 (0.00%) aligned >1 times
99.19% overall alignment rate
11293 reads; of these:
  11293 (100.00%) were unpaired; of these:
    129 (1.14%) aligned 0 times
    11164 (98.86%) aligned exactly 1 time
    0 (0.00%) aligned >1 times
98.86% overall alignment rate
10879 reads; of these:
  10879 (100.00%) were unpaired; of these:
    128 (1.18%) aligned 0 times
    10751 (98.82%) aligned exactly 1 time
    0 (0.00%) aligned >1 times
98.82% overall alignment rate
12022 reads; of these:
  12022 (100.00%) were unpaired; of these:
    81 (0.67%) aligned 0 times
    11941 (99.33%) aligned exactly 1 time
    0 (0.00%) aligned >1 times
99.33% overall alignment rate
11605 reads; of these:
  11605 (100.00%) were unpaired; of these:
    119 (1.03%) aligned 0 times
    11486 (98.97%) aligned exactly 1 time
    0 (0.00%) aligned >1 times
98.97% overall alignment rate
7995 reads; of these:
  7995 (100.00%) were unpaired; of these:
    103 (1.29%) aligned 0 times
    7892 (98.71%) aligned exactly 1 time
    0 (0.00%) aligned >1 times
98.71% overall alignment rate
11541 reads; of these:
  11541 (100.00%) were unpaired; of these:
    75 (0.65%) aligned 0 times
    11466 (99.35%) aligned exactly 1 time
    0 (0.00%) aligned >1 times
99.35% overall alignment rate
11299 reads; of these:
  11299 (100.00%) were unpaired; of these:
    58 (0.51%) aligned 0 times
    11241 (99.49%) aligned exactly 1 time
    0 (0.00%) aligned >1 times
99.49% overall alignment rate
12189 reads; of these:
  12189 (100.00%) were unpaired; of these:
    86 (0.71%) aligned 0 times
    12103 (99.29%) aligned exactly 1 time
    0 (0.00%) aligned >1 times
99.29% overall alignment rate
10093 reads; of these:
  10093 (100.00%) were unpaired; of these:
    81 (0.80%) aligned 0 times
    10012 (99.20%) aligned exactly 1 time
    0 (0.00%) aligned >1 times
99.20% overall alignment rate
13623 reads; of these:
  13623 (100.00%) were unpaired; of these:
    119 (0.87%) aligned 0 times
    13504 (99.13%) aligned exactly 1 time
    0 (0.00%) aligned >1 times
99.13% overall alignment rate
10781 reads; of these:
  10781 (100.00%) were unpaired; of these:
    10780 (99.99%) aligned 0 times
    1 (0.01%) aligned exactly 1 time
    0 (0.00%) aligned >1 times
0.01% overall alignment rate
9544 reads; of these:
  9544 (100.00%) were unpaired; of these:
    41 (0.43%) aligned 0 times
    9503 (99.57%) aligned exactly 1 time
    0 (0.00%) aligned >1 times
99.57% overall alignment rate
12297 reads; of these:
  12297 (100.00%) were unpaired; of these:
    98 (0.80%) aligned 0 times
    12199 (99.20%) aligned exactly 1 time
    0 (0.00%) aligned >1 times
99.20% overall alignment rate
11555 reads; of these:
  11555 (100.00%) were unpaired; of these:
    92 (0.80%) aligned 0 times
    11463 (99.20%) aligned exactly 1 time
    0 (0.00%) aligned >1 times
99.20% overall alignment rate
12449 reads; of these:
  12449 (100.00%) were unpaired; of these:
    101 (0.81%) aligned 0 times
    12348 (99.19%) aligned exactly 1 time
    0 (0.00%) aligned >1 times
99.19% overall alignment rate
6814 reads; of these:
  6814 (100.00%) were unpaired; of these:
    100 (1.47%) aligned 0 times
    6714 (98.53%) aligned exactly 1 time
    0 (0.00%) aligned >1 times
98.53% overall alignment rate
11887 reads; of these:
  11887 (100.00%) were unpaired; of these:
    93 (0.78%) aligned 0 times
    11794 (99.22%) aligned exactly 1 time
    0 (0.00%) aligned >1 times
99.22% overall alignment rate
12182 reads; of these:
  12182 (100.00%) were unpaired; of these:
    105 (0.86%) aligned 0 times
    12077 (99.14%) aligned exactly 1 time
    0 (0.00%) aligned >1 times
99.14% overall alignment rate
10073 reads; of these:
  10073 (100.00%) were unpaired; of these:
    10022 (99.49%) aligned 0 times
    51 (0.51%) aligned exactly 1 time
    0 (0.00%) aligned >1 times
0.51% overall alignment rate
8840 reads; of these:
  8840 (100.00%) were unpaired; of these:
    83 (0.94%) aligned 0 times
    8757 (99.06%) aligned exactly 1 time
    0 (0.00%) aligned >1 times
99.06% overall alignment rate
13207 reads; of these:
  13207 (100.00%) were unpaired; of these:
    100 (0.76%) aligned 0 times
    13107 (99.24%) aligned exactly 1 time
    0 (0.00%) aligned >1 times
99.24% overall alignment rate
9603 reads; of these:
  9603 (100.00%) were unpaired; of these:
    63 (0.66%) aligned 0 times
    9540 (99.34%) aligned exactly 1 time
    0 (0.00%) aligned >1 times
99.34% overall alignment rate
10417 reads; of these:
  10417 (100.00%) were unpaired; of these:
    10417 (100.00%) aligned 0 times
    0 (0.00%) aligned exactly 1 time
    0 (0.00%) aligned >1 times
0.00% overall alignment rate
11618 reads; of these:
  11618 (100.00%) were unpaired; of these:
    110 (0.95%) aligned 0 times
    11508 (99.05%) aligned exactly 1 time
    0 (0.00%) aligned >1 times
99.05% overall alignment rate
12419 reads; of these:
  12419 (100.00%) were unpaired; of these:
    94 (0.76%) aligned 0 times
    12325 (99.24%) aligned exactly 1 time
    0 (0.00%) aligned >1 times
99.24% overall alignment rate
11189 reads; of these:
  11189 (100.00%) were unpaired; of these:
    105 (0.94%) aligned 0 times
    11084 (99.06%) aligned exactly 1 time
    0 (0.00%) aligned >1 times
99.06% overall alignment rate
12824 reads; of these:
  12824 (100.00%) were unpaired; of these:
    93 (0.73%) aligned 0 times
    12731 (99.27%) aligned exactly 1 time
    0 (0.00%) aligned >1 times
99.27% overall alignment rate
12431 reads; of these:
  12431 (100.00%) were unpaired; of these:
    88 (0.71%) aligned 0 times
    12343 (99.29%) aligned exactly 1 time
    0 (0.00%) aligned >1 times
99.29% overall alignment rate
11623 reads; of these:
  11623 (100.00%) were unpaired; of these:
    11623 (100.00%) aligned 0 times
    0 (0.00%) aligned exactly 1 time
    0 (0.00%) aligned >1 times
0.00% overall alignment rate
9759 reads; of these:
  9759 (100.00%) were unpaired; of these:
    67 (0.69%) aligned 0 times
    9692 (99.31%) aligned exactly 1 time
    0 (0.00%) aligned >1 times
99.31% overall alignment rate
11109 reads; of these:
  11109 (100.00%) were unpaired; of these:
    11104 (99.95%) aligned 0 times
    5 (0.05%) aligned exactly 1 time
    0 (0.00%) aligned >1 times
0.05% overall alignment rate
12348 reads; of these:
  12348 (100.00%) were unpaired; of these:
    76 (0.62%) aligned 0 times
    12272 (99.38%) aligned exactly 1 time
    0 (0.00%) aligned >1 times
99.38% overall alignment rate
10621 reads; of these:
  10621 (100.00%) were unpaired; of these:
    74 (0.70%) aligned 0 times
    10547 (99.30%) aligned exactly 1 time
    0 (0.00%) aligned >1 times
99.30% overall alignment rate
11365 reads; of these:
  11365 (100.00%) were unpaired; of these:
    91 (0.80%) aligned 0 times
    11274 (99.20%) aligned exactly 1 time
    0 (0.00%) aligned >1 times
99.20% overall alignment rate
10451 reads; of these:
  10451 (100.00%) were unpaired; of these:
    93 (0.89%) aligned 0 times
    10358 (99.11%) aligned exactly 1 time
    0 (0.00%) aligned >1 times
99.11% overall alignment rate
5913 reads; of these:
  5913 (100.00%) were unpaired; of these:
    5913 (100.00%) aligned 0 times
    0 (0.00%) aligned exactly 1 time
    0 (0.00%) aligned >1 times
0.00% overall alignment rate
11805 reads; of these:
  11805 (100.00%) were unpaired; of these:
    77 (0.65%) aligned 0 times
    11728 (99.35%) aligned exactly 1 time
    0 (0.00%) aligned >1 times
99.35% overall alignment rate
11740 reads; of these:
  11740 (100.00%) were unpaired; of these:
    68 (0.58%) aligned 0 times
    11672 (99.42%) aligned exactly 1 time
    0 (0.00%) aligned >1 times
99.42% overall alignment rate
13605 reads; of these:
  13605 (100.00%) were unpaired; of these:
    113 (0.83%) aligned 0 times
    13492 (99.17%) aligned exactly 1 time
    0 (0.00%) aligned >1 times
99.17% overall alignment rate
13160 reads; of these:
  13160 (100.00%) were unpaired; of these:
    111 (0.84%) aligned 0 times
    13049 (99.16%) aligned exactly 1 time
    0 (0.00%) aligned >1 times
99.16% overall alignment rate
12883 reads; of these:
  12883 (100.00%) were unpaired; of these:
    90 (0.70%) aligned 0 times
    12793 (99.30%) aligned exactly 1 time
    0 (0.00%) aligned >1 times
99.30% overall alignment rate
8764 reads; of these:
  8764 (100.00%) were unpaired; of these:
    75 (0.86%) aligned 0 times
    8689 (99.14%) aligned exactly 1 time
    0 (0.00%) aligned >1 times
99.14% overall alignment rate
